#
# There is insufficient memory for the Java Runtime Environment to continue.
# Native memory allocation (malloc) failed to allocate 1416976 bytes for Chunk::new
# Possible reasons:
#   The system is out of physical RAM or swap space
#   The process is running with CompressedOops enabled, and the Java Heap may be blocking the growth of the native heap
# Possible solutions:
#   Reduce memory load on the system
#   Increase physical memory or swap space
#   Check if swap backing store is full
#   Decrease Java heap size (-Xmx/-Xms)
#   Decrease number of Java threads
#   Decrease Java thread stack sizes (-Xss)
#   Set larger code cache with -XX:ReservedCodeCacheSize=
#   JVM is running with Unscaled Compressed Oops mode in which the Java heap is
#     placed in the first 4GB address space. The Java Heap base address is the
#     maximum limit for the native heap growth. Please use -XX:HeapBaseMinAddress
#     to set the Java Heap base and to place the Java Heap above 4GB virtual address.
# This output file may be truncated or incomplete.
#
#  Out of Memory Error (allocation.cpp:389), pid=21288, tid=0x0000000000002bb4
#
# JRE version: OpenJDK Runtime Environment (8.0_242-b01) (build 1.8.0_242-release-1644-b01)
# Java VM: OpenJDK 64-Bit Server VM (25.242-b01 mixed mode windows-amd64 compressed oops)
# Failed to write core dump. Minidumps are not enabled by default on client versions of Windows
#

---------------  T H R E A D  ---------------

Current thread (0x00000000176aa000):  JavaThread "C2 CompilerThread1" daemon [_thread_in_native, id=11188, stack(0x0000000019eb0000,0x0000000019fb0000)]

Stack: [0x0000000019eb0000,0x0000000019fb0000]
[error occurred during error reporting (printing stack bounds), id 0xc0000005]

Native frames: (J=compiled Java code, j=interpreted, Vv=VM code, C=native code)


Current CompileTask:
C2:  58241 16230       4       com.android.tools.r8.dex.n::a (910 bytes)


---------------  P R O C E S S  ---------------

Java Threads: ( => current thread )
  0x000000002b553000 JavaThread "WorkerExecutor Queue Thread 9" [_thread_blocked, id=1736, stack(0x000000002e660000,0x000000002e760000)]
  0x000000002b5fa000 JavaThread "stdout" [_thread_in_native, id=2988, stack(0x000000002fc00000,0x000000002fd00000)]
  0x000000002b601000 JavaThread "stderr" [_thread_in_native, id=12348, stack(0x000000002f7b0000,0x000000002f8b0000)]
  0x000000002b600000 JavaThread "stdout" [_thread_in_native, id=11224, stack(0x000000002fb00000,0x000000002fc00000)]
  0x000000002b5ff800 JavaThread "stderr" [_thread_in_native, id=11372, stack(0x000000002fa00000,0x000000002fb00000)]
  0x000000002b5fe000 JavaThread "stdout" [_thread_in_native, id=19996, stack(0x000000002f900000,0x000000002fa00000)]
  0x000000002b5fe800 JavaThread "stderr" [_thread_in_native, id=16548, stack(0x000000002ed70000,0x000000002ee70000)]
  0x000000002b5fc800 JavaThread "stdout" [_thread_in_native, id=11448, stack(0x000000002f6b0000,0x000000002f7b0000)]
  0x000000002b5fb000 JavaThread "stderr" [_thread_in_native, id=17868, stack(0x000000002f5b0000,0x000000002f6b0000)]
  0x000000002b5fd000 JavaThread "stdout" [_thread_in_native, id=17464, stack(0x000000002f4b0000,0x000000002f5b0000)]
  0x000000002b562800 JavaThread "stderr" [_thread_in_native, id=12716, stack(0x000000002f3b0000,0x000000002f4b0000)]
  0x000000002b561000 JavaThread "stdout" [_thread_in_native, id=20444, stack(0x000000002f2b0000,0x000000002f3b0000)]
  0x000000002b55e800 JavaThread "stderr" [_thread_in_native, id=14592, stack(0x000000002f1b0000,0x000000002f2b0000)]
  0x000000002b55f800 JavaThread "stdout" [_thread_in_native, id=10440, stack(0x000000002f0b0000,0x000000002f1b0000)]
  0x000000002b55e000 JavaThread "stderr" [_thread_in_native, id=9320, stack(0x000000002efb0000,0x000000002f0b0000)]
  0x000000002b560000 JavaThread "pool-2-thread-1" [_thread_blocked, id=20152, stack(0x000000002eeb0000,0x000000002efb0000)]
  0x000000002b556800 JavaThread "WorkerExecutor Queue Thread 7" [_thread_blocked, id=21224, stack(0x000000002eb70000,0x000000002ec70000)]
  0x000000002b559800 JavaThread "WorkerExecutor Queue Thread 6" [_thread_blocked, id=12084, stack(0x000000002ea70000,0x000000002eb70000)]
  0x000000002b55b000 JavaThread "WorkerExecutor Queue Thread 5" [_thread_blocked, id=14064, stack(0x000000002e970000,0x000000002ea70000)]
  0x000000002b55b800 JavaThread "WorkerExecutor Queue Thread 4" [_thread_blocked, id=12500, stack(0x000000002e870000,0x000000002e970000)]
  0x000000002b555800 JavaThread "WorkerExecutor Queue Thread 2" [_thread_blocked, id=8296, stack(0x000000002e770000,0x000000002e870000)]
  0x000000002b558000 JavaThread "WorkerExecutor Queue" [_thread_blocked, id=14576, stack(0x000000002e560000,0x000000002e660000)]
  0x000000002b554000 JavaThread "Cache worker for execution history cache (D:\Proyectos Android\mysong\.gradle\6.5\executionHistory)" [_thread_blocked, id=12744, stack(0x000000002ce90000,0x000000002cf90000)]
  0x000000002b555000 JavaThread "Execution worker for ':' Thread 7" [_thread_blocked, id=18896, stack(0x000000002cd90000,0x000000002ce90000)]
  0x000000001f4e7800 JavaThread "Execution worker for ':' Thread 6" [_thread_blocked, id=16864, stack(0x000000002cc90000,0x000000002cd90000)]
  0x000000001f4e8800 JavaThread "Execution worker for ':' Thread 5" [_thread_in_native, id=15932, stack(0x000000002cb90000,0x000000002cc90000)]
  0x000000001f4ed000 JavaThread "Execution worker for ':' Thread 4" [_thread_blocked, id=6784, stack(0x000000002ca90000,0x000000002cb90000)]
  0x000000001f4ea800 JavaThread "Execution worker for ':' Thread 3" [_thread_blocked, id=9004, stack(0x000000002c990000,0x000000002ca90000)]
  0x000000001f4ed800 JavaThread "Execution worker for ':' Thread 2" [_thread_blocked, id=14020, stack(0x000000002c890000,0x000000002c990000)]
  0x000000001f4ea000 JavaThread "Execution worker for ':'" [_thread_blocked, id=19336, stack(0x000000002c360000,0x000000002c460000)]
  0x000000001f4e9000 JavaThread "Cache worker for file content cache (D:\Proyectos Android\mysong\.gradle\6.5\fileContent)" [_thread_blocked, id=15956, stack(0x000000002c260000,0x000000002c360000)]
  0x000000001f4eb800 JavaThread "Memory manager" [_thread_blocked, id=14632, stack(0x000000002bf60000,0x000000002c060000)]
  0x000000001f4ec000 JavaThread "Cache worker for Build Output Cleanup Cache (D:\Proyectos Android\mysong\.gradle\buildOutputCleanup)" [_thread_blocked, id=4964, stack(0x0000000029db0000,0x0000000029eb0000)]
  0x000000001f4e0000 JavaThread "jar transforms Thread 114" [_thread_blocked, id=2496, stack(0x00000000298b0000,0x00000000299b0000)]
  0x000000001f4e7000 JavaThread "jar transforms Thread 113" [_thread_blocked, id=12368, stack(0x00000000297b0000,0x00000000298b0000)]
  0x000000001f4df800 JavaThread "jar transforms Thread 112" [_thread_blocked, id=9300, stack(0x00000000296b0000,0x00000000297b0000)]
  0x000000001f4e6000 JavaThread "jar transforms Thread 111" [_thread_blocked, id=14072, stack(0x00000000295b0000,0x00000000296b0000)]
  0x000000001f4e5800 JavaThread "jar transforms Thread 110" [_thread_blocked, id=12356, stack(0x00000000294b0000,0x00000000295b0000)]
  0x000000001f4e4000 JavaThread "jar transforms Thread 109" [_thread_blocked, id=9412, stack(0x00000000293b0000,0x00000000294b0000)]
  0x000000001f4de800 JavaThread "jar transforms Thread 108" [_thread_blocked, id=12588, stack(0x00000000292b0000,0x00000000293b0000)]
  0x000000001f4e2800 JavaThread "jar transforms Thread 107" [_thread_blocked, id=19548, stack(0x00000000291b0000,0x00000000292b0000)]
  0x000000001f4e1800 JavaThread "jar transforms Thread 106" [_thread_blocked, id=16572, stack(0x00000000290b0000,0x00000000291b0000)]
  0x000000001f4e4800 JavaThread "jar transforms Thread 105" [_thread_blocked, id=18504, stack(0x0000000028fb0000,0x00000000290b0000)]
  0x000000001f4e1000 JavaThread "jar transforms Thread 104" [_thread_blocked, id=5752, stack(0x0000000028eb0000,0x0000000028fb0000)]
  0x000000001f4e3000 JavaThread "jar transforms Thread 103" [_thread_blocked, id=10316, stack(0x0000000028db0000,0x0000000028eb0000)]
  0x000000001ecde800 JavaThread "jar transforms Thread 102" [_thread_blocked, id=3204, stack(0x0000000028cb0000,0x0000000028db0000)]
  0x000000001ecdd800 JavaThread "jar transforms Thread 101" [_thread_blocked, id=20188, stack(0x0000000028bb0000,0x0000000028cb0000)]
  0x000000001ecdd000 JavaThread "jar transforms Thread 100" [_thread_blocked, id=16156, stack(0x0000000028ab0000,0x0000000028bb0000)]
  0x000000001ecd5800 JavaThread "jar transforms Thread 99" [_thread_blocked, id=6600, stack(0x00000000289b0000,0x0000000028ab0000)]
  0x000000001ecdc000 JavaThread "jar transforms Thread 98" [_thread_blocked, id=14624, stack(0x00000000288b0000,0x00000000289b0000)]
  0x000000001ecdb800 JavaThread "jar transforms Thread 97" [_thread_blocked, id=20604, stack(0x00000000287b0000,0x00000000288b0000)]
  0x000000001ecd8800 JavaThread "jar transforms Thread 96" [_thread_blocked, id=2760, stack(0x00000000286b0000,0x00000000287b0000)]
  0x000000001ecd4000 JavaThread "jar transforms Thread 95" [_thread_blocked, id=21088, stack(0x00000000285b0000,0x00000000286b0000)]
  0x000000001ecda800 JavaThread "jar transforms Thread 94" [_thread_blocked, id=8096, stack(0x00000000284b0000,0x00000000285b0000)]
  0x000000001ecd7800 JavaThread "jar transforms Thread 93" [_thread_blocked, id=15316, stack(0x00000000283b0000,0x00000000284b0000)]
  0x000000001ecd3000 JavaThread "jar transforms Thread 92" [_thread_blocked, id=13648, stack(0x00000000281b0000,0x00000000282b0000)]
  0x000000001ecd4800 JavaThread "jar transforms Thread 91" [_thread_blocked, id=21124, stack(0x00000000280b0000,0x00000000281b0000)]
  0x000000001ecda000 JavaThread "jar transforms Thread 90" [_thread_blocked, id=4756, stack(0x0000000027fb0000,0x00000000280b0000)]
  0x000000001ecd9000 JavaThread "jar transforms Thread 89" [_thread_blocked, id=19024, stack(0x0000000027eb0000,0x0000000027fb0000)]
  0x000000001ecd7000 JavaThread "jar transforms Thread 88" [_thread_blocked, id=15016, stack(0x0000000027db0000,0x0000000027eb0000)]
  0x000000001ecd1800 JavaThread "jar transforms Thread 87" [_thread_blocked, id=10716, stack(0x0000000027cb0000,0x0000000027db0000)]
  0x000000001ecd1000 JavaThread "jar transforms Thread 86" [_thread_blocked, id=16672, stack(0x0000000027bb0000,0x0000000027cb0000)]
  0x000000001ecd0000 JavaThread "jar transforms Thread 85" [_thread_blocked, id=14504, stack(0x0000000027ab0000,0x0000000027bb0000)]
  0x000000001ecd6000 JavaThread "jar transforms Thread 84" [_thread_blocked, id=19936, stack(0x00000000279b0000,0x0000000027ab0000)]
  0x000000001ecd2800 JavaThread "jar transforms Thread 83" [_thread_blocked, id=14452, stack(0x00000000278b0000,0x00000000279b0000)]
  0x000000001eccf800 JavaThread "jar transforms Thread 82" [_thread_blocked, id=11396, stack(0x00000000277b0000,0x00000000278b0000)]
  0x000000001c242000 JavaThread "jar transforms Thread 81" [_thread_blocked, id=6544, stack(0x00000000276b0000,0x00000000277b0000)]
  0x000000001c246000 JavaThread "jar transforms Thread 80" [_thread_blocked, id=18388, stack(0x00000000275b0000,0x00000000276b0000)]
  0x000000001c245000 JavaThread "jar transforms Thread 79" [_thread_blocked, id=8332, stack(0x00000000274b0000,0x00000000275b0000)]
  0x000000001c242800 JavaThread "jar transforms Thread 78" [_thread_blocked, id=8552, stack(0x00000000273b0000,0x00000000274b0000)]
  0x000000001c246800 JavaThread "jar transforms Thread 77" [_thread_blocked, id=8616, stack(0x00000000272b0000,0x00000000273b0000)]
  0x000000001c243800 JavaThread "jar transforms Thread 76" [_thread_blocked, id=20400, stack(0x00000000271b0000,0x00000000272b0000)]
  0x000000001c244800 JavaThread "jar transforms Thread 75" [_thread_blocked, id=9772, stack(0x00000000270b0000,0x00000000271b0000)]
  0x000000001c23a800 JavaThread "jar transforms Thread 74" [_thread_blocked, id=16056, stack(0x0000000026fb0000,0x00000000270b0000)]
  0x000000001c241000 JavaThread "jar transforms Thread 73" [_thread_blocked, id=16136, stack(0x0000000026eb0000,0x0000000026fb0000)]
  0x000000001c239800 JavaThread "jar transforms Thread 72" [_thread_blocked, id=1984, stack(0x0000000026db0000,0x0000000026eb0000)]
  0x000000001c240800 JavaThread "jar transforms Thread 71" [_thread_blocked, id=11404, stack(0x0000000026cb0000,0x0000000026db0000)]
  0x000000001c23f800 JavaThread "jar transforms Thread 70" [_thread_blocked, id=2704, stack(0x0000000026bb0000,0x0000000026cb0000)]
  0x000000001c23e000 JavaThread "jar transforms Thread 69" [_thread_blocked, id=15596, stack(0x0000000026ab0000,0x0000000026bb0000)]
  0x000000001c23c800 JavaThread "jar transforms Thread 68" [_thread_blocked, id=4480, stack(0x00000000269b0000,0x0000000026ab0000)]
  0x000000001c23c000 JavaThread "jar transforms Thread 67" [_thread_blocked, id=4760, stack(0x00000000268b0000,0x00000000269b0000)]
  0x000000001c23f000 JavaThread "jar transforms Thread 66" [_thread_blocked, id=14164, stack(0x00000000267b0000,0x00000000268b0000)]
  0x000000001c23b000 JavaThread "jar transforms Thread 65" [_thread_blocked, id=19324, stack(0x00000000266b0000,0x00000000267b0000)]
  0x000000001c23d800 JavaThread "jar transforms Thread 64" [_thread_blocked, id=16160, stack(0x00000000265b0000,0x00000000266b0000)]
  0x000000001c238000 JavaThread "jar transforms Thread 63" [_thread_blocked, id=3112, stack(0x00000000264b0000,0x00000000265b0000)]
  0x000000001c239000 JavaThread "jar transforms Thread 62" [_thread_blocked, id=19612, stack(0x00000000263b0000,0x00000000264b0000)]
  0x000000001c237800 JavaThread "jar transforms Thread 61" [_thread_blocked, id=8284, stack(0x00000000262b0000,0x00000000263b0000)]
  0x000000001b685800 JavaThread "jar transforms Thread 60" [_thread_blocked, id=17820, stack(0x00000000261b0000,0x00000000262b0000)]
  0x000000001b684800 JavaThread "jar transforms Thread 59" [_thread_blocked, id=21188, stack(0x00000000260b0000,0x00000000261b0000)]
  0x000000001b684000 JavaThread "jar transforms Thread 58" [_thread_blocked, id=7100, stack(0x0000000025fb0000,0x00000000260b0000)]
  0x000000001b683000 JavaThread "jar transforms Thread 57" [_thread_blocked, id=9120, stack(0x0000000025eb0000,0x0000000025fb0000)]
  0x000000001b682800 JavaThread "jar transforms Thread 56" [_thread_blocked, id=11548, stack(0x0000000025db0000,0x0000000025eb0000)]
  0x000000001b67b800 JavaThread "jar transforms Thread 55" [_thread_blocked, id=7104, stack(0x0000000025cb0000,0x0000000025db0000)]
  0x000000001b67b000 JavaThread "jar transforms Thread 54" [_thread_blocked, id=14932, stack(0x0000000025bb0000,0x0000000025cb0000)]
  0x000000001b681800 JavaThread "jar transforms Thread 53" [_thread_blocked, id=16676, stack(0x0000000025ab0000,0x0000000025bb0000)]
  0x000000001b681000 JavaThread "jar transforms Thread 52" [_thread_blocked, id=3048, stack(0x00000000259b0000,0x0000000025ab0000)]
  0x000000001b680000 JavaThread "jar transforms Thread 51" [_thread_blocked, id=19528, stack(0x00000000258b0000,0x00000000259b0000)]
  0x000000001b67d000 JavaThread "jar transforms Thread 50" [_thread_blocked, id=3936, stack(0x00000000257b0000,0x00000000258b0000)]
  0x000000001b67c800 JavaThread "jar transforms Thread 49" [_thread_blocked, id=21420, stack(0x00000000256b0000,0x00000000257b0000)]
  0x000000001b678800 JavaThread "jar transforms Thread 48" [_thread_blocked, id=13360, stack(0x00000000255b0000,0x00000000256b0000)]
  0x000000001b67f800 JavaThread "jar transforms Thread 47" [_thread_blocked, id=4092, stack(0x00000000254b0000,0x00000000255b0000)]
  0x000000001b67e800 JavaThread "jar transforms Thread 46" [_thread_blocked, id=17580, stack(0x00000000253b0000,0x00000000254b0000)]
  0x000000001b67e000 JavaThread "jar transforms Thread 45" [_thread_blocked, id=20500, stack(0x00000000252b0000,0x00000000253b0000)]
  0x000000001b676800 JavaThread "jar transforms Thread 44" [_thread_blocked, id=9116, stack(0x00000000251b0000,0x00000000252b0000)]
  0x000000001b677000 JavaThread "jar transforms Thread 43" [_thread_blocked, id=21264, stack(0x00000000250b0000,0x00000000251b0000)]
  0x000000001b679800 JavaThread "jar transforms Thread 42" [_thread_blocked, id=9292, stack(0x0000000024fb0000,0x00000000250b0000)]
  0x000000001b678000 JavaThread "jar transforms Thread 41" [_thread_blocked, id=13484, stack(0x0000000024eb0000,0x0000000024fb0000)]
  0x000000001b67a000 JavaThread "jar transforms Thread 40" [_thread_blocked, id=10964, stack(0x0000000024db0000,0x0000000024eb0000)]
  0x000000001b186800 JavaThread "jar transforms Thread 39" [_thread_blocked, id=20652, stack(0x0000000024cb0000,0x0000000024db0000)]
  0x000000001b186000 JavaThread "jar transforms Thread 38" [_thread_blocked, id=13916, stack(0x0000000024bb0000,0x0000000024cb0000)]
  0x000000001b18c000 JavaThread "jar transforms Thread 37" [_thread_blocked, id=8152, stack(0x0000000024ab0000,0x0000000024bb0000)]
  0x000000001b18a800 JavaThread "jar transforms Thread 36" [_thread_blocked, id=5256, stack(0x00000000249b0000,0x0000000024ab0000)]
  0x000000001b189800 JavaThread "jar transforms Thread 35" [_thread_blocked, id=10984, stack(0x00000000248b0000,0x00000000249b0000)]
  0x000000001b189000 JavaThread "jar transforms Thread 34" [_thread_blocked, id=10348, stack(0x00000000247b0000,0x00000000248b0000)]
  0x000000001b188000 JavaThread "jar transforms Thread 33" [_thread_blocked, id=14904, stack(0x00000000246b0000,0x00000000247b0000)]
  0x000000001b18c800 JavaThread "jar transforms Thread 32" [_thread_blocked, id=4272, stack(0x00000000245b0000,0x00000000246b0000)]
  0x000000001b187800 JavaThread "jar transforms Thread 31" [_thread_blocked, id=20024, stack(0x00000000244b0000,0x00000000245b0000)]
  0x000000001b18b000 JavaThread "jar transforms Thread 30" [_thread_blocked, id=8644, stack(0x00000000243b0000,0x00000000244b0000)]
  0x000000001c873000 JavaThread "jar transforms Thread 29" [_thread_blocked, id=11860, stack(0x00000000242b0000,0x00000000243b0000)]
  0x000000001c879000 JavaThread "jar transforms Thread 28" [_thread_blocked, id=11200, stack(0x00000000241b0000,0x00000000242b0000)]
  0x000000001c878800 JavaThread "jar transforms Thread 27" [_thread_blocked, id=20608, stack(0x00000000240b0000,0x00000000241b0000)]
  0x000000001c877800 JavaThread "jar transforms Thread 26" [_thread_blocked, id=9220, stack(0x0000000023fb0000,0x00000000240b0000)]
  0x000000001c874800 JavaThread "jar transforms Thread 25" [_thread_blocked, id=15208, stack(0x0000000023eb0000,0x0000000023fb0000)]
  0x000000001c875800 JavaThread "jar transforms Thread 24" [_thread_blocked, id=9044, stack(0x0000000023db0000,0x0000000023eb0000)]
  0x000000001c874000 JavaThread "jar transforms Thread 23" [_thread_blocked, id=20892, stack(0x0000000023cb0000,0x0000000023db0000)]
  0x000000001c877000 JavaThread "jar transforms Thread 22" [_thread_blocked, id=1584, stack(0x0000000023bb0000,0x0000000023cb0000)]
  0x000000001c876000 JavaThread "jar transforms Thread 21" [_thread_blocked, id=7040, stack(0x0000000023ab0000,0x0000000023bb0000)]
  0x000000001c86b800 JavaThread "jar transforms Thread 20" [_thread_blocked, id=15432, stack(0x00000000239b0000,0x0000000023ab0000)]
  0x000000001c872800 JavaThread "jar transforms Thread 19" [_thread_blocked, id=4504, stack(0x00000000238b0000,0x00000000239b0000)]
  0x000000001c871800 JavaThread "jar transforms Thread 18" [_thread_blocked, id=9784, stack(0x00000000237b0000,0x00000000238b0000)]
  0x000000001c86e000 JavaThread "jar transforms Thread 17" [_thread_blocked, id=16624, stack(0x00000000236b0000,0x00000000237b0000)]
  0x000000001c86b000 JavaThread "jar transforms Thread 16" [_thread_blocked, id=19680, stack(0x00000000235b0000,0x00000000236b0000)]
  0x000000001c86c800 JavaThread "jar transforms Thread 15" [_thread_blocked, id=12400, stack(0x00000000234b0000,0x00000000235b0000)]
  0x000000001c871000 JavaThread "jar transforms Thread 14" [_thread_blocked, id=10524, stack(0x00000000233b0000,0x00000000234b0000)]
  0x000000001c86f800 JavaThread "jar transforms Thread 13" [_thread_blocked, id=14140, stack(0x00000000232b0000,0x00000000233b0000)]
  0x000000001c86a000 JavaThread "jar transforms Thread 12" [_thread_blocked, id=20308, stack(0x00000000231b0000,0x00000000232b0000)]
  0x000000001c870000 JavaThread "jar transforms Thread 11" [_thread_blocked, id=2956, stack(0x00000000230b0000,0x00000000231b0000)]
  0x000000001c86e800 JavaThread "jar transforms Thread 10" [_thread_blocked, id=13104, stack(0x0000000022fb0000,0x00000000230b0000)]
  0x000000001c86d000 JavaThread "jar transforms Thread 9" [_thread_blocked, id=10472, stack(0x0000000022eb0000,0x0000000022fb0000)]
  0x000000001c75a000 JavaThread "jar transforms Thread 8" [_thread_blocked, id=14236, stack(0x0000000022db0000,0x0000000022eb0000)]
  0x000000001c75b800 JavaThread "jar transforms Thread 7" [_thread_blocked, id=8456, stack(0x0000000022cb0000,0x0000000022db0000)]
  0x000000001c758800 JavaThread "jar transforms Thread 6" [_thread_blocked, id=16244, stack(0x0000000022bb0000,0x0000000022cb0000)]
  0x000000001c759000 JavaThread "jar transforms Thread 5" [_thread_blocked, id=17460, stack(0x0000000022ab0000,0x0000000022bb0000)]
  0x000000001c757800 JavaThread "jar transforms Thread 4" [_thread_blocked, id=15336, stack(0x00000000229b0000,0x0000000022ab0000)]
  0x000000001c757000 JavaThread "jar transforms Thread 3" [_thread_blocked, id=3016, stack(0x00000000228b0000,0x00000000229b0000)]
  0x000000001c75a800 JavaThread "jar transforms Thread 2" [_thread_blocked, id=18784, stack(0x00000000227b0000,0x00000000228b0000)]
  0x000000001c74f800 JavaThread "Build operations Thread 8" [_thread_blocked, id=20536, stack(0x00000000225b0000,0x00000000226b0000)]
  0x000000001c756000 JavaThread "Build operations Thread 7" [_thread_blocked, id=18884, stack(0x00000000224b0000,0x00000000225b0000)]
  0x000000001c755800 JavaThread "Build operations Thread 6" [_thread_blocked, id=11956, stack(0x00000000223b0000,0x00000000224b0000)]
  0x000000001c74e800 JavaThread "Build operations Thread 5" [_thread_blocked, id=7724, stack(0x00000000222b0000,0x00000000223b0000)]
  0x000000001c754800 JavaThread "Build operations Thread 4" [_thread_blocked, id=15928, stack(0x00000000221b0000,0x00000000222b0000)]
  0x000000001c754000 JavaThread "Build operations Thread 3" [_thread_blocked, id=16308, stack(0x00000000220b0000,0x00000000221b0000)]
  0x000000001c753000 JavaThread "Build operations Thread 2" [_thread_blocked, id=6504, stack(0x0000000021d30000,0x0000000021e30000)]
  0x000000001c74c800 JavaThread "Build operations" [_thread_blocked, id=12360, stack(0x0000000021a10000,0x0000000021b10000)]
  0x00000000194d2000 JavaThread "Cache worker for file content cache (C:\Users\esteb\.gradle\caches\6.5\fileContent)" [_thread_blocked, id=15780, stack(0x0000000021710000,0x0000000021810000)]
  0x00000000194d9000 JavaThread "jar transforms" [_thread_blocked, id=18916, stack(0x0000000021610000,0x0000000021710000)]
  0x00000000194d7800 JavaThread "Cache worker for execution history cache (C:\Users\esteb\.gradle\caches\6.5\executionHistory)" [_thread_blocked, id=7180, stack(0x0000000020f10000,0x0000000021010000)]
  0x00000000194d6800 JavaThread "Cache worker for cache directory md-rule (C:\Users\esteb\.gradle\caches\6.5\md-rule)" [_thread_blocked, id=11204, stack(0x0000000020e10000,0x0000000020f10000)]
  0x00000000194d4800 JavaThread "Cache worker for cache directory md-supplier (C:\Users\esteb\.gradle\caches\6.5\md-supplier)" [_thread_blocked, id=20088, stack(0x0000000020d10000,0x0000000020e10000)]
  0x00000000194d5000 JavaThread "Cache worker for checksums cache (D:\Proyectos Android\mysong\.gradle\checksums)" [_thread_blocked, id=17876, stack(0x0000000020c10000,0x0000000020d10000)]
  0x00000000194d3800 JavaThread "Cache worker for file hash cache (D:\Proyectos Android\mysong\.gradle\6.5\fileHashes)" [_thread_blocked, id=7636, stack(0x000000001e500000,0x000000001e600000)]
  0x00000000194d8000 JavaThread "Cache worker for file hash cache (C:\Users\esteb\.gradle\caches\6.5\fileHashes)" [_thread_blocked, id=17972, stack(0x000000001e400000,0x000000001e500000)]
  0x00000000194d3000 JavaThread "File lock request listener" [_thread_in_native, id=16196, stack(0x000000001e300000,0x000000001e400000)]
  0x000000001bece800 JavaThread "Cache worker for journal cache (C:\Users\esteb\.gradle\caches\journal-1)" [_thread_blocked, id=8088, stack(0x000000001e200000,0x000000001e300000)]
  0x000000001be95800 JavaThread "Thread-9" [_thread_blocked, id=11616, stack(0x000000001df00000,0x000000001e000000)]
  0x000000001be69800 JavaThread "Stdin handler" [_thread_blocked, id=3616, stack(0x000000001de00000,0x000000001df00000)]
  0x000000001be5d800 JavaThread "Asynchronous log dispatcher for DefaultDaemonConnection: socket connection from /127.0.0.1:49570 to /127.0.0.1:49572" [_thread_blocked, id=7400, stack(0x000000001dd00000,0x000000001de00000)]
  0x000000001be30000 JavaThread "Daemon worker" [_thread_blocked, id=3748, stack(0x000000001dc00000,0x000000001dd00000)]
  0x000000001be2f800 JavaThread "Cancel handler" [_thread_blocked, id=6888, stack(0x000000001db00000,0x000000001dc00000)]
  0x000000001be21000 JavaThread "Handler for socket connection from /127.0.0.1:49570 to /127.0.0.1:49572" [_thread_in_native, id=20196, stack(0x000000001da00000,0x000000001db00000)]
  0x000000001bdb5000 JavaThread "Daemon" [_thread_blocked, id=7588, stack(0x000000001d900000,0x000000001da00000)]
  0x000000001bdb4800 JavaThread "Daemon periodic checks" [_thread_blocked, id=18084, stack(0x000000001d600000,0x000000001d700000)]
  0x000000001bdb0000 JavaThread "Incoming local TCP Connector on port 49570" [_thread_in_native, id=6344, stack(0x000000001d390000,0x000000001d490000)]
  0x000000001bd1c000 JavaThread "Daemon health stats" [_thread_blocked, id=4992, stack(0x000000001cd50000,0x000000001ce50000)]
  0x000000001951f800 JavaThread "Service Thread" daemon [_thread_blocked, id=16892, stack(0x000000001a1b0000,0x000000001a2b0000)]
  0x00000000194d6000 JavaThread "C1 CompilerThread3" daemon [_thread_blocked, id=14556, stack(0x000000001a0b0000,0x000000001a1b0000)]
  0x00000000194c9000 JavaThread "C2 CompilerThread2" daemon [_thread_in_native, id=21016, stack(0x0000000019fb0000,0x000000001a0b0000)]
=>0x00000000176aa000 JavaThread "C2 CompilerThread1" daemon [_thread_in_native, id=11188, stack(0x0000000019eb0000,0x0000000019fb0000)]
  0x00000000194c5000 JavaThread "C2 CompilerThread0" daemon [_thread_blocked, id=19800, stack(0x0000000019db0000,0x0000000019eb0000)]
  0x00000000194c3800 JavaThread "Attach Listener" daemon [_thread_blocked, id=12940, stack(0x0000000019cb0000,0x0000000019db0000)]
  0x00000000194c2800 JavaThread "Signal Dispatcher" daemon [_thread_blocked, id=7984, stack(0x0000000019bb0000,0x0000000019cb0000)]
  0x000000000262d800 JavaThread "Finalizer" daemon [_thread_blocked, id=11196, stack(0x0000000019990000,0x0000000019a90000)]
  0x0000000002626800 JavaThread "Reference Handler" daemon [_thread_blocked, id=2424, stack(0x0000000019890000,0x0000000019990000)]
  0x000000000236e000 JavaThread "main" [_thread_blocked, id=13700, stack(0x0000000002430000,0x0000000002530000)]

Other Threads:
  0x0000000017696800 VMThread [stack: 0x0000000019390000,0x0000000019490000] [id=19444]
  0x0000000019520000 WatcherThread [stack: 0x000000001a2b0000,0x000000001a3b0000] [id=9868]

VM state:not at safepoint (normal execution)

VM Mutex/Monitor currently owned by a thread: None

heap address: 0x0000000080000000, size: 2048 MB, Compressed Oops mode: 32-bit
Narrow klass base: 0x0000000000000000, Narrow klass shift: 3
Compressed class space size: 1073741824 Address: 0x0000000100000000

Heap:
 PSYoungGen      total 464896K, used 201980K [0x00000000d5580000, 0x00000000f6380000, 0x0000000100000000)
  eden space 428032K, 41% used [0x00000000d5580000,0x00000000e03fc680,0x00000000ef780000)
  from space 36864K, 63% used [0x00000000ef780000,0x00000000f0e42d78,0x00000000f1b80000)
  to   space 37888K, 0% used [0x00000000f3e80000,0x00000000f3e80000,0x00000000f6380000)
 ParOldGen       total 220672K, used 106076K [0x0000000080000000, 0x000000008d780000, 0x00000000d5580000)
  object space 220672K, 48% used [0x0000000080000000,0x00000000867971b8,0x000000008d780000)
 Metaspace       used 83888K, capacity 88099K, committed 88408K, reserved 1126400K
  class space    used 11223K, capacity 12005K, committed 12160K, reserved 1048576K

Card table byte_map: [0x00000000119f0000,0x0000000011e00000] byte_map_base: 0x00000000115f0000

Marking Bits: (ParMarkBitMap*) 0x000000005bfef030
 Begin Bits: [0x00000000128b0000, 0x00000000148b0000)
 End Bits:   [0x00000000148b0000, 0x00000000168b0000)

Polling page: 0x00000000022f0000

CodeCache: size=245760Kb used=46844Kb max_used=46855Kb free=198915Kb
 bounds [0x0000000002630000, 0x0000000005430000, 0x0000000011630000]
 total_blobs=14443 nmethods=13616 adapters=738
 compilation: enabled

Compilation events (10 events):
Event: 58.070 Thread 0x00000000194d6000 nmethod 16256 0x000000000541c050 code [0x000000000541c220, 0x000000000541cb68]
Event: 58.070 Thread 0x00000000194d6000 16257       3       java.lang.StackTraceElement::isNativeMethod (15 bytes)
Event: 58.070 Thread 0x00000000194d6000 nmethod 16257 0x00000000050bb490 code [0x00000000050bb5e0, 0x00000000050bb790]
Event: 58.070 Thread 0x00000000194d6000 16259   !   3       java.io.PrintWriter::write (58 bytes)
Event: 58.071 Thread 0x00000000194d6000 nmethod 16259 0x000000000541cf90 code [0x000000000541d140, 0x000000000541d7e8]
Event: 58.080 Thread 0x00000000194c5000 nmethod 16260% 0x0000000005420d10 code [0x0000000005420e80, 0x00000000054213a8]
Event: 58.130 Thread 0x00000000194c5000 16261       4       java.util.stream.ReferencePipeline$2$1::begin (13 bytes)
Event: 58.131 Thread 0x00000000194c5000 nmethod 16261 0x000000000483e1d0 code [0x000000000483e300, 0x000000000483e398]
Event: 58.232 Thread 0x00000000194d6000 16262       3       com.google.common.io.CountingOutputStream::write (22 bytes)
Event: 58.233 Thread 0x00000000194d6000 nmethod 16262 0x0000000005420890 code [0x0000000005420a00, 0x0000000005420c48]

GC Heap History (10 events):
Event: 46.933 GC heap before
{Heap before GC invocations=37 (full 4):
 PSYoungGen      total 387072K, used 377437K [0x00000000d5580000, 0x00000000eed80000, 0x0000000100000000)
  eden space 359936K, 100% used [0x00000000d5580000,0x00000000eb500000,0x00000000eb500000)
  from space 27136K, 64% used [0x00000000ed080000,0x00000000ee1975c0,0x00000000eeb00000)
  to   space 28160K, 0% used [0x00000000eb500000,0x00000000eb500000,0x00000000ed080000)
 ParOldGen       total 220672K, used 106060K [0x0000000080000000, 0x000000008d780000, 0x00000000d5580000)
  object space 220672K, 48% used [0x0000000080000000,0x00000000867931b8,0x000000008d780000)
 Metaspace       used 82989K, capacity 87025K, committed 87512K, reserved 1124352K
  class space    used 11133K, capacity 11864K, committed 12032K, reserved 1048576K
Event: 46.956 GC heap after
Heap after GC invocations=37 (full 4):
 PSYoungGen      total 388096K, used 18253K [0x00000000d5580000, 0x00000000f1200000, 0x0000000100000000)
  eden space 359936K, 0% used [0x00000000d5580000,0x00000000d5580000,0x00000000eb500000)
  from space 28160K, 64% used [0x00000000eb500000,0x00000000ec6d34d8,0x00000000ed080000)
  to   space 29696K, 0% used [0x00000000ef500000,0x00000000ef500000,0x00000000f1200000)
 ParOldGen       total 220672K, used 106060K [0x0000000080000000, 0x000000008d780000, 0x00000000d5580000)
  object space 220672K, 48% used [0x0000000080000000,0x00000000867931b8,0x000000008d780000)
 Metaspace       used 82989K, capacity 87025K, committed 87512K, reserved 1124352K
  class space    used 11133K, capacity 11864K, committed 12032K, reserved 1048576K
}
Event: 48.477 GC heap before
{Heap before GC invocations=38 (full 4):
 PSYoungGen      total 388096K, used 378189K [0x00000000d5580000, 0x00000000f1200000, 0x0000000100000000)
  eden space 359936K, 100% used [0x00000000d5580000,0x00000000eb500000,0x00000000eb500000)
  from space 28160K, 64% used [0x00000000eb500000,0x00000000ec6d34d8,0x00000000ed080000)
  to   space 29696K, 0% used [0x00000000ef500000,0x00000000ef500000,0x00000000f1200000)
 ParOldGen       total 220672K, used 106060K [0x0000000080000000, 0x000000008d780000, 0x00000000d5580000)
  object space 220672K, 48% used [0x0000000080000000,0x00000000867931b8,0x000000008d780000)
 Metaspace       used 83014K, capacity 87093K, committed 87512K, reserved 1124352K
  class space    used 11133K, capacity 11864K, committed 12032K, reserved 1048576K
Event: 48.539 GC heap after
Heap after GC invocations=38 (full 4):
 PSYoungGen      total 423424K, used 21803K [0x00000000d5580000, 0x00000000f1680000, 0x0000000100000000)
  eden space 393728K, 0% used [0x00000000d5580000,0x00000000d5580000,0x00000000ed600000)
  from space 29696K, 73% used [0x00000000ef500000,0x00000000f0a4ad68,0x00000000f1200000)
  to   space 31744K, 0% used [0x00000000ed600000,0x00000000ed600000,0x00000000ef500000)
 ParOldGen       total 220672K, used 106060K [0x0000000080000000, 0x000000008d780000, 0x00000000d5580000)
  object space 220672K, 48% used [0x0000000080000000,0x00000000867931b8,0x000000008d780000)
 Metaspace       used 83014K, capacity 87093K, committed 87512K, reserved 1124352K
  class space    used 11133K, capacity 11864K, committed 12032K, reserved 1048576K
}
Event: 50.619 GC heap before
{Heap before GC invocations=39 (full 4):
 PSYoungGen      total 423424K, used 415531K [0x00000000d5580000, 0x00000000f1680000, 0x0000000100000000)
  eden space 393728K, 100% used [0x00000000d5580000,0x00000000ed600000,0x00000000ed600000)
  from space 29696K, 73% used [0x00000000ef500000,0x00000000f0a4ad68,0x00000000f1200000)
  to   space 31744K, 0% used [0x00000000ed600000,0x00000000ed600000,0x00000000ef500000)
 ParOldGen       total 220672K, used 106060K [0x0000000080000000, 0x000000008d780000, 0x00000000d5580000)
  object space 220672K, 48% used [0x0000000080000000,0x00000000867931b8,0x000000008d780000)
 Metaspace       used 83022K, capacity 87101K, committed 87512K, reserved 1124352K
  class space    used 11133K, capacity 11864K, committed 12032K, reserved 1048576K
Event: 50.654 GC heap after
Heap after GC invocations=39 (full 4):
 PSYoungGen      total 425472K, used 24628K [0x00000000d5580000, 0x00000000f3d00000, 0x0000000100000000)
  eden space 393728K, 0% used [0x00000000d5580000,0x00000000d5580000,0x00000000ed600000)
  from space 31744K, 77% used [0x00000000ed600000,0x00000000eee0d2c8,0x00000000ef500000)
  to   space 34304K, 0% used [0x00000000f1b80000,0x00000000f1b80000,0x00000000f3d00000)
 ParOldGen       total 220672K, used 106060K [0x0000000080000000, 0x000000008d780000, 0x00000000d5580000)
  object space 220672K, 48% used [0x0000000080000000,0x00000000867931b8,0x000000008d780000)
 Metaspace       used 83022K, capacity 87101K, committed 87512K, reserved 1124352K
  class space    used 11133K, capacity 11864K, committed 12032K, reserved 1048576K
}
Event: 52.073 GC heap before
{Heap before GC invocations=40 (full 4):
 PSYoungGen      total 425472K, used 418356K [0x00000000d5580000, 0x00000000f3d00000, 0x0000000100000000)
  eden space 393728K, 100% used [0x00000000d5580000,0x00000000ed600000,0x00000000ed600000)
  from space 31744K, 77% used [0x00000000ed600000,0x00000000eee0d2c8,0x00000000ef500000)
  to   space 34304K, 0% used [0x00000000f1b80000,0x00000000f1b80000,0x00000000f3d00000)
 ParOldGen       total 220672K, used 106060K [0x0000000080000000, 0x000000008d780000, 0x00000000d5580000)
  object space 220672K, 48% used [0x0000000080000000,0x00000000867931b8,0x000000008d780000)
 Metaspace       used 83025K, capacity 87101K, committed 87512K, reserved 1124352K
  class space    used 11133K, capacity 11864K, committed 12032K, reserved 1048576K
Event: 52.115 GC heap after
Heap after GC invocations=40 (full 4):
 PSYoungGen      total 462336K, used 25492K [0x00000000d5580000, 0x00000000f4180000, 0x0000000100000000)
  eden space 428032K, 0% used [0x00000000d5580000,0x00000000d5580000,0x00000000ef780000)
  from space 34304K, 74% used [0x00000000f1b80000,0x00000000f3465118,0x00000000f3d00000)
  to   space 36864K, 0% used [0x00000000ef780000,0x00000000ef780000,0x00000000f1b80000)
 ParOldGen       total 220672K, used 106068K [0x0000000080000000, 0x000000008d780000, 0x00000000d5580000)
  object space 220672K, 48% used [0x0000000080000000,0x00000000867951b8,0x000000008d780000)
 Metaspace       used 83025K, capacity 87101K, committed 87512K, reserved 1124352K
  class space    used 11133K, capacity 11864K, committed 12032K, reserved 1048576K
}
Event: 55.727 GC heap before
{Heap before GC invocations=41 (full 4):
 PSYoungGen      total 462336K, used 453524K [0x00000000d5580000, 0x00000000f4180000, 0x0000000100000000)
  eden space 428032K, 100% used [0x00000000d5580000,0x00000000ef780000,0x00000000ef780000)
  from space 34304K, 74% used [0x00000000f1b80000,0x00000000f3465118,0x00000000f3d00000)
  to   space 36864K, 0% used [0x00000000ef780000,0x00000000ef780000,0x00000000f1b80000)
 ParOldGen       total 220672K, used 106068K [0x0000000080000000, 0x000000008d780000, 0x00000000d5580000)
  object space 220672K, 48% used [0x0000000080000000,0x00000000867951b8,0x000000008d780000)
 Metaspace       used 83278K, capacity 87383K, committed 87768K, reserved 1124352K
  class space    used 11158K, capacity 11869K, committed 12032K, reserved 1048576K
Event: 55.760 GC heap after
Heap after GC invocations=41 (full 4):
 PSYoungGen      total 464896K, used 23307K [0x00000000d5580000, 0x00000000f6380000, 0x0000000100000000)
  eden space 428032K, 0% used [0x00000000d5580000,0x00000000d5580000,0x00000000ef780000)
  from space 36864K, 63% used [0x00000000ef780000,0x00000000f0e42d78,0x00000000f1b80000)
  to   space 37888K, 0% used [0x00000000f3e80000,0x00000000f3e80000,0x00000000f6380000)
 ParOldGen       total 220672K, used 106076K [0x0000000080000000, 0x000000008d780000, 0x00000000d5580000)
  object space 220672K, 48% used [0x0000000080000000,0x00000000867971b8,0x000000008d780000)
 Metaspace       used 83278K, capacity 87383K, committed 87768K, reserved 1124352K
  class space    used 11158K, capacity 11869K, committed 12032K, reserved 1048576K
}

Deoptimization events (10 events):
Event: 57.999 Thread 0x000000002b559800 Uncommon trap: reason=class_check action=maybe_recompile pc=0x0000000003fb6d0c method=com.google.gson.stream.JsonWriter.string(Ljava/lang/String;)V @ 23
Event: 57.999 Thread 0x000000002b559800 Uncommon trap: reason=class_check action=maybe_recompile pc=0x0000000003fb6d0c method=com.google.gson.stream.JsonWriter.string(Ljava/lang/String;)V @ 23
Event: 57.999 Thread 0x000000002b559800 Uncommon trap: reason=class_check action=maybe_recompile pc=0x0000000003fb6d0c method=com.google.gson.stream.JsonWriter.string(Ljava/lang/String;)V @ 23
Event: 58.000 Thread 0x000000002b559800 Uncommon trap: reason=unstable_if action=reinterpret pc=0x0000000005311228 method=org.gradle.internal.logging.sink.LogEventDispatcher.onOutput(Lorg/gradle/internal/logging/events/OutputEvent;)V @ 35
Event: 58.001 Thread 0x000000002b559800 Uncommon trap: reason=unstable_if action=reinterpret pc=0x0000000005311798 method=org.gradle.internal.logging.sink.LogEventDispatcher.onOutput(Lorg/gradle/internal/logging/events/OutputEvent;)V @ 35
Event: 58.002 Thread 0x000000002b559800 Uncommon trap: reason=class_check action=maybe_recompile pc=0x00000000032c18c0 method=java.lang.Throwable.<init>(Ljava/lang/String;Ljava/lang/Throwable;)V @ 24
Event: 58.003 Thread 0x000000002b559800 Uncommon trap: reason=class_check action=maybe_recompile pc=0x00000000032c18c0 method=java.lang.Throwable.<init>(Ljava/lang/String;Ljava/lang/Throwable;)V @ 24
Event: 58.023 Thread 0x000000001be5d800 Uncommon trap: reason=unstable_if action=reinterpret pc=0x000000000320378c method=com.esotericsoftware.kryo.io.Output.writeString(Ljava/lang/CharSequence;)V @ 50
Event: 58.060 Thread 0x000000002b554000 Uncommon trap: reason=unstable_if action=reinterpret pc=0x0000000003b4255c method=com.esotericsoftware.kryo.io.Output.writeString(Ljava/lang/CharSequence;)V @ 50
Event: 58.065 Thread 0x000000002b554000 Uncommon trap: reason=unstable_if action=reinterpret pc=0x0000000003b2c584 method=java.io.BufferedOutputStream.write([BII)V @ 6

Classes redefined (0 events):
No events

Internal exceptions (10 events):
Event: 54.646 Thread 0x000000001be30000 Exception <a 'sun/nio/fs/WindowsException'> (0x00000000ede51828) thrown at [C:\src\AOSP-openjdk-git\hotspot\src\share\vm\prims\jni.cpp, line 710]
Event: 54.908 Thread 0x000000001be30000 Exception <a 'java/lang/NoSuchMethodError': <clinit>> (0x00000000edf2fb68) thrown at [C:\src\AOSP-openjdk-git\hotspot\src\share\vm\prims\jni.cpp, line 1615]
Event: 55.890 Thread 0x000000002b559800 Exception <a 'sun/nio/fs/WindowsException'> (0x00000000d65102c0) thrown at [C:\src\AOSP-openjdk-git\hotspot\src\share\vm\prims\jni.cpp, line 710]
Event: 56.352 Thread 0x000000001f4ea000 Exception <a 'java/lang/InterruptedException'> (0x00000000d63a9570) thrown at [C:\src\AOSP-openjdk-git\hotspot\src\share\vm\runtime\objectMonitor.cpp, line 1680]
Event: 56.428 Thread 0x000000001be95800 Exception <a 'java/lang/NoSuchMethodError': <clinit>> (0x00000000d96d5810) thrown at [C:\src\AOSP-openjdk-git\hotspot\src\share\vm\prims\jni.cpp, line 1615]
Event: 56.448 Thread 0x000000001be95800 Exception <a 'java/lang/NoSuchMethodError': <clinit>> (0x00000000d97693b0) thrown at [C:\src\AOSP-openjdk-git\hotspot\src\share\vm\prims\jni.cpp, line 1615]
Event: 57.018 Thread 0x000000003339a000 Implicit null exception at 0x0000000002f708af to 0x0000000002f709ad
Event: 57.018 Thread 0x000000003339c800 Implicit null exception at 0x0000000002f708af to 0x0000000002f709ad
Event: 57.018 Thread 0x000000003339f800 Implicit null exception at 0x0000000002f708af to 0x0000000002f709ad
Event: 58.056 Thread 0x000000001be30000 Exception <a 'java/lang/InterruptedException'> (0x00000000d91d0878) thrown at [C:\src\AOSP-openjdk-git\hotspot\src\share\vm\runtime\objectMonitor.cpp, line 1491]

Events (10 events):
Event: 58.051 Thread 0x000000003339f800 Thread exited: 0x000000003339f800
Event: 58.051 Thread 0x000000003339e000 Thread exited: 0x000000003339e000
Event: 58.060 Thread 0x000000002b554000 Uncommon trap: trap_request=0xffffff65 fr.pc=0x0000000003b4255c
Event: 58.060 Thread 0x000000002b554000 DEOPT PACKING pc=0x0000000003b4255c sp=0x000000002cf8e3c0
Event: 58.061 Thread 0x000000002b554000 DEOPT UNPACKING pc=0x000000000267557b sp=0x000000002cf8e2f8 mode 2
Event: 58.062 Thread 0x000000002b554000 Uncommon trap: trap_request=0xffffff65 fr.pc=0x0000000003b2c584
Event: 58.062 Executing VM operation: RevokeBias
Event: 58.064 Executing VM operation: RevokeBias done
Event: 58.065 Thread 0x000000002b554000 DEOPT PACKING pc=0x0000000003b2c584 sp=0x000000002cf8e4a0
Event: 58.065 Thread 0x000000002b554000 DEOPT UNPACKING pc=0x000000000267557b sp=0x000000002cf8e3e0 mode 2


Dynamic libraries:
0x00007ff64b040000 - 0x00007ff64b071000 	D:\Program Files\Android\Android Studio\jre\bin\java.exe
0x00007ff950500000 - 0x00007ff9506f0000 	C:\Windows\SYSTEM32\ntdll.dll
0x00007ff94f020000 - 0x00007ff94f0d2000 	C:\Windows\System32\KERNEL32.DLL
0x00007ff94da20000 - 0x00007ff94dcc5000 	C:\Windows\System32\KERNELBASE.dll
0x00007ff94f0e0000 - 0x00007ff94f183000 	C:\Windows\System32\ADVAPI32.dll
0x00007ff94fcd0000 - 0x00007ff94fd6e000 	C:\Windows\System32\msvcrt.dll
0x00007ff94e5b0000 - 0x00007ff94e647000 	C:\Windows\System32\sechost.dll
0x00007ff94ee50000 - 0x00007ff94ef6f000 	C:\Windows\System32\RPCRT4.dll
0x00007ff94f190000 - 0x00007ff94f324000 	C:\Windows\System32\USER32.dll
0x00007ff94e480000 - 0x00007ff94e4a1000 	C:\Windows\System32\win32u.dll
0x00007ff94fc70000 - 0x00007ff94fc96000 	C:\Windows\System32\GDI32.dll
0x00007ff94d780000 - 0x00007ff94d918000 	C:\Windows\System32\gdi32full.dll
0x00007ff94d480000 - 0x00007ff94d51e000 	C:\Windows\System32\msvcp_win.dll
0x00007ff94d920000 - 0x00007ff94da1a000 	C:\Windows\System32\ucrtbase.dll
0x00007ff9432d0000 - 0x00007ff943554000 	C:\Windows\WinSxS\amd64_microsoft.windows.common-controls_6595b64144ccf1df_6.0.18362.1379_none_9e7ff3b3e45cc0c4\COMCTL32.dll
0x00007ff94f6a0000 - 0x00007ff94f9d7000 	C:\Windows\System32\combase.dll
0x00007ff94e4d0000 - 0x00007ff94e551000 	C:\Windows\System32\bcryptPrimitives.dll
0x00007ff94ee20000 - 0x00007ff94ee4e000 	C:\Windows\System32\IMM32.DLL
0x000000005acd0000 - 0x000000005ada2000 	D:\Program Files\Android\Android Studio\jre\jre\bin\msvcr100.dll
0x000000005b820000 - 0x000000005c06b000 	D:\Program Files\Android\Android Studio\jre\jre\bin\server\jvm.dll
0x00007ff9504b0000 - 0x00007ff9504b8000 	C:\Windows\System32\PSAPI.DLL
0x00007ff9366f0000 - 0x00007ff936714000 	C:\Windows\SYSTEM32\WINMM.dll
0x00007ff93f610000 - 0x00007ff93f61a000 	C:\Windows\SYSTEM32\VERSION.dll
0x00007ff9454b0000 - 0x00007ff9454b9000 	C:\Windows\SYSTEM32\WSOCK32.dll
0x00007ff94f4d0000 - 0x00007ff94f53f000 	C:\Windows\System32\WS2_32.dll
0x00007ff93fb90000 - 0x00007ff93fbbd000 	C:\Windows\SYSTEM32\winmmbase.dll
0x00007ff94e560000 - 0x00007ff94e5aa000 	C:\Windows\System32\cfgmgr32.dll
0x00007ff944dd0000 - 0x00007ff944ddf000 	D:\Program Files\Android\Android Studio\jre\jre\bin\verify.dll
0x00007ff92be30000 - 0x00007ff92be59000 	D:\Program Files\Android\Android Studio\jre\jre\bin\java.dll
0x00007ff92c1b0000 - 0x00007ff92c1c6000 	D:\Program Files\Android\Android Studio\jre\jre\bin\zip.dll
0x00007ff94e730000 - 0x00007ff94ee18000 	C:\Windows\System32\SHELL32.dll
0x00007ff9501f0000 - 0x00007ff950297000 	C:\Windows\System32\shcore.dll
0x00007ff94dcd0000 - 0x00007ff94e44b000 	C:\Windows\System32\windows.storage.dll
0x00007ff94d450000 - 0x00007ff94d473000 	C:\Windows\System32\profapi.dll
0x00007ff94d400000 - 0x00007ff94d44a000 	C:\Windows\System32\powrprof.dll
0x00007ff94d3b0000 - 0x00007ff94d3c0000 	C:\Windows\System32\UMPDC.dll
0x00007ff94e6d0000 - 0x00007ff94e722000 	C:\Windows\System32\shlwapi.dll
0x00007ff94d3e0000 - 0x00007ff94d3f1000 	C:\Windows\System32\kernel.appcore.dll
0x00007ff94e4b0000 - 0x00007ff94e4c7000 	C:\Windows\System32\cryptsp.dll
0x00007ff92be10000 - 0x00007ff92be2a000 	D:\Program Files\Android\Android Studio\jre\jre\bin\net.dll
0x00007ff94cbf0000 - 0x00007ff94cc57000 	C:\Windows\system32\mswsock.dll
0x00007ff92bc40000 - 0x00007ff92bc53000 	D:\Program Files\Android\Android Studio\jre\jre\bin\nio.dll
0x00007ff934bd0000 - 0x00007ff934bf7000 	C:\Users\esteb\.gradle\native\f6784746aeab05261644944871eae4fe03e0ef1612fff0a4a95f87b438bc6780\windows-amd64\native-platform.dll
0x00007ff9432c0000 - 0x00007ff9432cd000 	D:\Program Files\Android\Android Studio\jre\jre\bin\management.dll
0x00007ff94c710000 - 0x00007ff94c743000 	C:\Windows\system32\rsaenh.dll
0x00007ff94e450000 - 0x00007ff94e476000 	C:\Windows\System32\bcrypt.dll
0x00007ff94d2d0000 - 0x00007ff94d2f5000 	C:\Windows\SYSTEM32\USERENV.dll
0x00007ff94ce40000 - 0x00007ff94ce4c000 	C:\Windows\SYSTEM32\CRYPTBASE.dll
0x00007ff94c900000 - 0x00007ff94c93a000 	C:\Windows\SYSTEM32\IPHLPAPI.DLL
0x00007ff9501e0000 - 0x00007ff9501e8000 	C:\Windows\System32\NSI.dll
0x00007ff9457b0000 - 0x00007ff9457c6000 	C:\Windows\SYSTEM32\dhcpcsvc6.DLL
0x00007ff945ac0000 - 0x00007ff945adc000 	C:\Windows\SYSTEM32\dhcpcsvc.DLL
0x00007ff94c940000 - 0x00007ff94ca0b000 	C:\Windows\SYSTEM32\DNSAPI.dll
0x00007ff945c80000 - 0x00007ff945c8b000 	C:\Windows\SYSTEM32\WINNSI.DLL

VM Arguments:
jvm_args: -Xmx2048m -Dfile.encoding=UTF-8 -Duser.country=CO -Duser.language=es -Duser.variant 
java_command: org.gradle.launcher.daemon.bootstrap.GradleDaemon 6.5
java_class_path (initial): C:\Users\esteb\.gradle\wrapper\dists\gradle-6.5-bin\6nifqtx7604sqp1q6g8wikw7p\gradle-6.5\lib\gradle-launcher-6.5.jar
Launcher Type: SUN_STANDARD

Environment Variables:
PATH=C:\Windows\system32;C:\Windows;C:\Windows\System32\Wbem;C:\Windows\System32\WindowsPowerShell\v1.0\;C:\Windows\System32\OpenSSH\;C:\Program Files\Git\cmd;C:\Program Files\AMD\AMDuProf\bin;C:\Users\esteb\AppData\Local\Microsoft\WindowsApps;D:\Users\esteb\AppData\Local\Programs\Microsoft VS Code\bin;C:\Users\esteb\AppData\Local\gitkraken\bin
USERNAME=esteb
OS=Windows_NT
PROCESSOR_IDENTIFIER=AMD64 Family 23 Model 24 Stepping 1, AuthenticAMD



---------------  S Y S T E M  ---------------

OS: Windows 10.0 , 64 bit Build 18362 (10.0.18362.1350)

CPU:total 8 (initial active 8) (8 cores per cpu, 1 threads per core) family 23 model 24 stepping 1, cmov, cx8, fxsr, mmx, sse, sse2, sse3, ssse3, sse4.1, sse4.2, popcnt, avx, avx2, aes, clmul, mmxext, 3dnowpref, lzcnt, sse4a, tsc, tscinvbit, tscinv, bmi1

Memory: 4k page, physical 7275532k(489604k free), swap 29295628k(4784k free)

vm_info: OpenJDK 64-Bit Server VM (25.242-b01) for windows-amd64 JRE (1.8.0_242-release-1644-b01), built by "builder" with MS VC++ 10.0 (VS2010)

time: Sat Feb 20 22:29:41 2021
timezone: Hora est. Pacífico, Sudamérica
elapsed time: 58 seconds (0d 0h 0m 58s)

